<?xml version="1.0" encoding="UTF-8"?>
<testsuite name="demo.ApplicationTests" time="0" tests="4" errors="0" skipped="4" failures="0">
  <properties>
[...]
</properties>
  <testcase name="userEndpointProtected" classname="demo.ApplicationTests" time="0">
    <skipped/>
    <system-out><![CDATA[22:22:42.609 [main] DEBUG org.springframework.test.context.junit4.SpringJUnit4ClassRunner - SpringJUnit4ClassRunner constructor called with [class demo.ApplicationTests]
22:22:42.615 [main] DEBUG org.springframework.test.context.BootstrapUtils - Instantiating CacheAwareContextLoaderDelegate from class [org.springframework.test.context.cache.DefaultCacheAwareContextLoaderDelegate]
22:22:42.630 [main] DEBUG org.springframework.test.context.BootstrapUtils - Instantiating BootstrapContext using constructor [public org.springframework.test.context.support.DefaultBootstrapContext(java.lang.Class,org.springframework.test.context.CacheAwareContextLoaderDelegate)]
22:22:42.654 [main] DEBUG org.springframework.test.context.BootstrapUtils - Instantiating TestContextBootstrapper for test class [demo.ApplicationTests] from class [org.springframework.boot.test.context.SpringBootTestContextBootstrapper]
22:22:42.676 [main] INFO org.springframework.boot.test.context.SpringBootTestContextBootstrapper - Neither @ContextConfiguration nor @ContextHierarchy found for test class [demo.ApplicationTests], using SpringBootContextLoader
22:22:42.680 [main] DEBUG org.springframework.test.context.support.AbstractContextLoader - Did not detect default resource location for test class [demo.ApplicationTests]: class path resource [demo/ApplicationTests-context.xml] does not exist
22:22:42.680 [main] DEBUG org.springframework.test.context.support.AbstractContextLoader - Did not detect default resource location for test class [demo.ApplicationTests]: class path resource [demo/ApplicationTestsContext.groovy] does not exist
22:22:42.680 [main] INFO org.springframework.test.context.support.AbstractContextLoader - Could not detect default resource locations for test class [demo.ApplicationTests]: no resource found for suffixes {-context.xml, Context.groovy}.
22:22:42.722 [main] DEBUG org.springframework.test.context.support.ActiveProfilesUtils - Could not find an 'annotation declaring class' for annotation type [org.springframework.test.context.ActiveProfiles] and class [demo.ApplicationTests]
22:22:42.761 [main] DEBUG org.springframework.boot.test.context.SpringBootTestContextBootstrapper - @TestExecutionListeners is not present for class [demo.ApplicationTests]: using defaults.
22:22:42.767 [main] INFO org.springframework.boot.test.context.SpringBootTestContextBootstrapper - Loaded default TestExecutionListener class names from location [META-INF/spring.factories]: [org.springframework.boot.test.mock.mockito.MockitoTestExecutionListener, org.springframework.boot.test.mock.mockito.ResetMocksTestExecutionListener, org.springframework.boot.test.autoconfigure.restdocs.RestDocsTestExecutionListener, org.springframework.boot.test.autoconfigure.web.client.MockRestServiceServerResetTestExecutionListener, org.springframework.boot.test.autoconfigure.web.servlet.MockMvcPrintOnlyOnFailureTestExecutionListener, org.springframework.boot.test.autoconfigure.web.servlet.WebDriverTestExecutionListener, org.springframework.test.context.web.ServletTestExecutionListener, org.springframework.test.context.support.DirtiesContextBeforeModesTestExecutionListener, org.springframework.test.context.support.DependencyInjectionTestExecutionListener, org.springframework.test.context.support.DirtiesContextTestExecutionListener, org.springframework.test.context.transaction.TransactionalTestExecutionListener, org.springframework.test.context.jdbc.SqlScriptsTestExecutionListener]
22:22:42.792 [main] INFO org.springframework.boot.test.context.SpringBootTestContextBootstrapper - Using TestExecutionListeners: [org.springframework.test.context.web.ServletTestExecutionListener@77e9807f, org.springframework.test.context.support.DirtiesContextBeforeModesTestExecutionListener@448ff1a8, org.springframework.boot.test.autoconfigure.SpringBootDependencyInjectionTestExecutionListener@1a38c59b, org.springframework.test.context.support.DirtiesContextTestExecutionListener@7f77e91b, org.springframework.test.context.transaction.TransactionalTestExecutionListener@44a664f2, org.springframework.test.context.jdbc.SqlScriptsTestExecutionListener@7f9fcf7f, org.springframework.boot.test.mock.mockito.ResetMocksTestExecutionListener@2357d90a, org.springframework.boot.test.mock.mockito.MockitoTestExecutionListener@6328d34a, org.springframework.boot.test.autoconfigure.restdocs.RestDocsTestExecutionListener@145eaa29, org.springframework.boot.test.autoconfigure.web.servlet.MockMvcPrintOnlyOnFailureTestExecutionListener@15bb6bea, org.springframework.boot.test.autoconfigure.web.client.MockRestServiceServerResetTestExecutionListener@8b96fde, org.springframework.boot.test.autoconfigure.web.servlet.WebDriverTestExecutionListener@2d2e5f00]
22:22:42.795 [main] DEBUG org.springframework.test.annotation.ProfileValueUtils - Retrieved @ProfileValueSourceConfiguration [null] for test class [demo.ApplicationTests]
22:22:42.795 [main] DEBUG org.springframework.test.annotation.ProfileValueUtils - Retrieved ProfileValueSource type [class org.springframework.test.annotation.SystemProfileValueSource] for class [demo.ApplicationTests]
22:22:42.798 [main] DEBUG org.springframework.test.context.junit4.SpringJUnit4ClassRunner - SpringJUnit4ClassRunner constructor called with [class demo.ApplicationTests]
22:22:42.798 [main] DEBUG org.springframework.test.context.BootstrapUtils - Instantiating CacheAwareContextLoaderDelegate from class [org.springframework.test.context.cache.DefaultCacheAwareContextLoaderDelegate]
22:22:42.798 [main] DEBUG org.springframework.test.context.BootstrapUtils - Instantiating BootstrapContext using constructor [public org.springframework.test.context.support.DefaultBootstrapContext(java.lang.Class,org.springframework.test.context.CacheAwareContextLoaderDelegate)]
22:22:42.799 [main] DEBUG org.springframework.test.context.BootstrapUtils - Instantiating TestContextBootstrapper for test class [demo.ApplicationTests] from class [org.springframework.boot.test.context.SpringBootTestContextBootstrapper]
22:22:42.799 [main] INFO org.springframework.boot.test.context.SpringBootTestContextBootstrapper - Neither @ContextConfiguration nor @ContextHierarchy found for test class [demo.ApplicationTests], using SpringBootContextLoader
22:22:42.800 [main] DEBUG org.springframework.test.context.support.AbstractContextLoader - Did not detect default resource location for test class [demo.ApplicationTests]: class path resource [demo/ApplicationTests-context.xml] does not exist
22:22:42.801 [main] DEBUG org.springframework.test.context.support.AbstractContextLoader - Did not detect default resource location for test class [demo.ApplicationTests]: class path resource [demo/ApplicationTestsContext.groovy] does not exist
22:22:42.801 [main] INFO org.springframework.test.context.support.AbstractContextLoader - Could not detect default resource locations for test class [demo.ApplicationTests]: no resource found for suffixes {-context.xml, Context.groovy}.
22:22:42.809 [main] DEBUG org.springframework.test.context.support.ActiveProfilesUtils - Could not find an 'annotation declaring class' for annotation type [org.springframework.test.context.ActiveProfiles] and class [demo.ApplicationTests]
22:22:42.812 [main] DEBUG org.springframework.boot.test.context.SpringBootTestContextBootstrapper - @TestExecutionListeners is not present for class [demo.ApplicationTests]: using defaults.
22:22:42.817 [main] INFO org.springframework.boot.test.context.SpringBootTestContextBootstrapper - Loaded default TestExecutionListener class names from location [META-INF/spring.factories]: [org.springframework.boot.test.mock.mockito.MockitoTestExecutionListener, org.springframework.boot.test.mock.mockito.ResetMocksTestExecutionListener, org.springframework.boot.test.autoconfigure.restdocs.RestDocsTestExecutionListener, org.springframework.boot.test.autoconfigure.web.client.MockRestServiceServerResetTestExecutionListener, org.springframework.boot.test.autoconfigure.web.servlet.MockMvcPrintOnlyOnFailureTestExecutionListener, org.springframework.boot.test.autoconfigure.web.servlet.WebDriverTestExecutionListener, org.springframework.test.context.web.ServletTestExecutionListener, org.springframework.test.context.support.DirtiesContextBeforeModesTestExecutionListener, org.springframework.test.context.support.DependencyInjectionTestExecutionListener, org.springframework.test.context.support.DirtiesContextTestExecutionListener, org.springframework.test.context.transaction.TransactionalTestExecutionListener, org.springframework.test.context.jdbc.SqlScriptsTestExecutionListener]
22:22:42.823 [main] INFO org.springframework.boot.test.context.SpringBootTestContextBootstrapper - Using TestExecutionListeners: [org.springframework.test.context.web.ServletTestExecutionListener@7fc2413d, org.springframework.test.context.support.DirtiesContextBeforeModesTestExecutionListener@f8c1ddd, org.springframework.boot.test.autoconfigure.SpringBootDependencyInjectionTestExecutionListener@70be0a2b, org.springframework.test.context.support.DirtiesContextTestExecutionListener@2133814f, org.springframework.test.context.transaction.TransactionalTestExecutionListener@4c15e7fd, org.springframework.test.context.jdbc.SqlScriptsTestExecutionListener@23986957, org.springframework.boot.test.mock.mockito.ResetMocksTestExecutionListener@23f7d05d, org.springframework.boot.test.mock.mockito.MockitoTestExecutionListener@1e730495, org.springframework.boot.test.autoconfigure.restdocs.RestDocsTestExecutionListener@7d3a22a9, org.springframework.boot.test.autoconfigure.web.servlet.MockMvcPrintOnlyOnFailureTestExecutionListener@1d082e88, org.springframework.boot.test.autoconfigure.web.client.MockRestServiceServerResetTestExecutionListener@60704c, org.springframework.boot.test.autoconfigure.web.servlet.WebDriverTestExecutionListener@6b19b79]
22:22:42.824 [main] DEBUG org.springframework.test.annotation.ProfileValueUtils - Retrieved @ProfileValueSourceConfiguration [null] for test class [demo.ApplicationTests]
22:22:42.824 [main] DEBUG org.springframework.test.annotation.ProfileValueUtils - Retrieved ProfileValueSource type [class org.springframework.test.annotation.SystemProfileValueSource] for class [demo.ApplicationTests]
22:22:42.825 [main] DEBUG org.springframework.test.annotation.ProfileValueUtils - Retrieved @ProfileValueSourceConfiguration [null] for test class [demo.ApplicationTests]
22:22:42.825 [main] DEBUG org.springframework.test.annotation.ProfileValueUtils - Retrieved ProfileValueSource type [class org.springframework.test.annotation.SystemProfileValueSource] for class [demo.ApplicationTests]
]]></system-out>
  </testcase>
  <testcase name="homePageLoads" classname="demo.ApplicationTests" time="0">
    <skipped/>
  </testcase>
  <testcase name="resourceEndpointProtected" classname="demo.ApplicationTests" time="0">
    <skipped/>
  </testcase>
  <testcase name="loginSucceeds" classname="demo.ApplicationTests" time="0">
    <skipped/>
  </testcase>
</testsuite>